<?xml version="1.0" encoding="UTF-8"?>
<!-- Generated by org.testng.reporters.JUnitReportReporter -->
<testsuite hostname="DDC5-DX-FTYX3Z2" name="com.crm.qa.testcases.CreateRepoTest" tests="5" failures="0" timestamp="5 Aug 2020 04:56:45 GMT" time="42.421" errors="0">
  <testcase name="createIssue" time="12.002" classname="com.crm.qa.testcases.CreateRepoTest"/>
  <testcase name="mentionIssueInCommentAndNavigateToIt" time="5.127" classname="com.crm.qa.testcases.CreateRepoTest"/>
  <testcase name="createIssue" time="11.856" classname="com.crm.qa.testcases.CreateRepoTest"/>
  <testcase name="addCommentToIssue" time="4.709" classname="com.crm.qa.testcases.CreateRepoTest"/>
  <testcase name="createRepositoryTest" time="8.727" classname="com.crm.qa.testcases.CreateRepoTest"/>
</testsuite> <!-- com.crm.qa.testcases.CreateRepoTest -->
