<?xml version="1.0" encoding="UTF-8"?>
<!-- Generated by org.testng.reporters.JUnitReportReporter -->
<testsuite hostname="DDC5-DX-FTYX3Z2" name="com.crm.qa.testcases.LoginTest" tests="1" failures="0" timestamp="4 Aug 2020 14:10:24 GMT" time="0.777" errors="0">
  <testcase name="CreateRepositoryTest" time="0.777" classname="com.crm.qa.testcases.LoginTest"/>
</testsuite> <!-- com.crm.qa.testcases.LoginTest -->
